18:37:27 ##English http://ix.io/1jJ9
18:45:26 ##programming https://ideone.com/PC9yEb
21:02:34 ##English http://english.twey.co.uk/policies.html
21:02:34 ##English http://www.borderbiscuits.co.uk/
21:02:35 ##physics http://prntscr.com/kgq89t
21:02:35 ##physics http://prntscr.com/kgqasi
21:02:35 ##physics http://prntscr.com/kgr0ud
21:02:35 ##programming https://ideone.com
21:02:35 ##programming https://tinyurl.com/2lb-programming
21:02:36 ##deutsch http://deutsch.danjou.de
21:02:36 ##deutsch https://public.etherpad-mozilla.org/
21:02:36 ##java http://javachannel.org/
21:05:44 ##English https://xkcd.com/2030/
21:08:30 ##programming https://github.com/shlomif/shlomif-public-notes/blob/master/notes/new-laptop-recommendations--2018.md
21:15:20 ##programming https://www.fsf.org/news/minifree-libreboot-x200-tablet-now-fsf-certified-to-respect-your-freedom
21:17:05 ##programming http://www.paulgraham.com/stuff.html
21:18:02 ##English https://bit.ly/2OoWmNH
21:18:31 ##programming https://minifree.org/
21:20:12 ##English https://www.reddit.com/r/legaladvice/comments/95c289/ma_late_brothers_partner_suing_family_for_money/?st=JKLHVMRM&sh=5dc66769
22:19:28 ##English http://english.twey.co.uk/policies.html
22:19:28 ##English https://www.youtube.com/watch?v=_kgRFHaNo-Y
22:19:28 ##astronomy https://old.ndnihil.org/webimg/misc/vehicles/tw200/IMG_20180731_115831.jpg
22:19:29 ##astronomy https://xkcd.com/2014/
22:19:29 ##programming https://ideone.com
22:19:29 ##programming https://tinyurl.com/2lb-programming
22:19:29 ##programming https://www.youtube.com/watch?v=lNuPy-r1GuQ
22:19:29 ##programming https://mitpress.mit.edu/books/computation-structures
22:19:29 ##programming https://www.electronics-tutorials.ws/logic/logic_5.html
22:19:29 ##programming https://duckduckgo.com/?q=nand2tetris&ia=web
22:19:29 ##programming https://images.anandtech.com/reviews/cpu/intel/SNBE/Core_I7_LGA_2011_Die.jpg
22:19:29 ##deutsch http://deutsch.danjou.de
22:19:29 ##deutsch https://public.etherpad-mozilla.org/
22:19:30 ##java http://javachannel.org/
22:19:48 ##java http://repo.maven.apache.org/maven2"
22:28:13 ##java https://bpaste.net/show/34df7f36abf5
22:44:09 ##English http://english.twey.co.uk/policies.html
22:44:10 ##physics https://physics.stackexchange.com/questions/133482/speed-of-light-in-general-relativity
22:44:10 ##programming https://ideone.com
22:44:10 ##programming https://tinyurl.com/2lb-programming
22:44:10 ##deutsch http://deutsch.danjou.de
22:44:10 ##deutsch https://public.etherpad-mozilla.org/
22:44:10 ##java http://javachannel.org/
22:48:03 ##java https://gist.github.com/nonconvergent/f1c4609c5f72e90dcd8ee4118fff9a0a
22:52:35 ##java https://glot.io/snippets/f3pc0ozw2c
22:56:51 ##java https://glot.io/snippets/f3pc4skbck
23:03:25 ##English http://english.twey.co.uk/policies.html
23:03:25 ##programming https://ideone.com
23:03:25 ##programming https://tinyurl.com/2lb-programming
23:03:26 ##deutsch http://deutsch.danjou.de
23:03:26 ##deutsch https://public.etherpad-mozilla.org/
23:03:26 ##java http://javachannel.org/
23:04:02 ##English http://english.twey.co.uk/policies.html
23:04:02 ##programming https://ideone.com
23:04:02 ##programming https://tinyurl.com/2lb-programming
23:04:03 ##deutsch http://deutsch.danjou.de
23:04:03 ##deutsch https://public.etherpad-mozilla.org/
23:04:03 ##java http://javachannel.org/
10:17:47 ##English http://english.twey.co.uk/policies.html
10:17:47 ##astronomy http://bksys.at/bernhard/astro/DSC04261-mark.JPG
10:17:47 ##physics https://youtu.be/GaANi96Z-Wg
10:17:48 ##physics https://youtu.be/P00s_duKUio
10:17:48 ##programming https://ideone.com
10:17:48 ##programming https://tinyurl.com/2lb-programming
10:17:48 #space https://arstechnica.com/science/2018/08/neutron-stars-are-probably-not-hiding-dark-matter-under-their-skirts/
10:17:48 ##deutsch http://deutsch.danjou.de
10:17:48 ##deutsch https://public.etherpad-mozilla.org/
10:17:48 ##java http://javachannel.org/
10:17:49 ##java http://javachannel.org/posts/first-steps-structure-of-your-first-source-file/
10:17:49 ##java http://www.jetbrains.org/intellij/sdk/docs/basics/plugin_structure/plugin_class_loaders.html
10:17:49 ##java http://www.docjar.com/html/api/sun/security/tools/policytool/PolicyTool.java.html
10:41:12 ##deutsch https://preview.redplanethotels.com/hotel/surawong-bangkok
12:04:41 ##English http://english.twey.co.uk/policies.html
12:04:42 ##programming https://ideone.com
12:04:42 ##programming https://tinyurl.com/2lb-programming
12:04:42 ##programming https://git.adrianpar.vin/rust6.git/tree/src/text/zip.rs
12:04:42 ##programming https://git.adrianpar.vin/rust6.git/tree/src/main.rs
12:04:42 ##programming https://play.rust-lang.org/
12:04:42 ##programming https://wandbox.org/permlink/veoGApnqoLD8HVjZ
12:04:42 ##programming https://noscript.net/
12:04:42 ##programming https://gist.github.com/georgemp/1b6c7a19cd8bf5559a610297db1a49f0
12:04:43 ##deutsch http://deutsch.danjou.de
12:04:43 ##deutsch https://public.etherpad-mozilla.org/
12:04:43 ##deutsch https://www.consumerreports.org/food-safety/wire-grill-brush-danger/
12:04:43 ##java http://javachannel.org/
12:04:43 ##java http://career.cosstores.com/coscareer/en_gb/findjob.html?country=coscareer%3Alocation%2Fgb
12:12:05 ##java http://mail.openjdk.java.net/mailman/listinfo
12:20:21 ##programming https://www.youtube.com/watch?v=BDbUEydkuR8
12:24:13 ##programming http://dpaste.com/394S1VY
12:27:20 ##programming https://regex101.com/
12:27:20 ##programming https://docs.python.org/3/library/re.html
12:27:49 ##programming https://github.com/aloisdg/awesome-regex
12:33:28 ##physics https://www.aliexpress.com/wholesale?catId=0&initiative_id=SB_20180810023313&SearchText=anti+drip+valve
12:35:04 ##physics https://i.imgur.com/Y1122SK.png
12:37:16 ##programming https://docs.oracle.com/javase/tutorial/java/generics/
12:39:39 ##physics https://i.imgur.com/tPS1SIq.png
12:39:53 ##programming http://www.catb.org/esr/faqs/smart-questions.html
12:42:02 ##physics https://i.imgur.com/D78viOM.png
12:43:14 ##physics https://www.aliexpress.com/item/10PCS-LOT-Nozzle-Drip-Proof-Device-Check-Valve-leakage-Shower-Accessories-Hose-End-Connectors-Garden-Water/32598734417.html
12:43:24 ##physics https://i.imgur.com/LcGMJ1M.png
12:46:01 ##deutsch http://www.spiegel.de/reise/fernweh/khao-san-road-in-bangkok-die-backpacker-strasse-wird-geraeumt-a-1222528.html
12:49:09 ##physics http://www.plasticsintl.com/plastics_chemical_resistence_chart.html
13:53:47 ##English http://english.twey.co.uk/policies.html
13:53:47 ##programming https://ideone.com
13:53:47 ##programming https://tinyurl.com/2lb-programming
13:53:47 ##programming https://lwn.net/Articles/474912/
13:53:47 ##programming https://gist.github.com/amigojapan/01c7f70b755e57dca0a295b2d92fcab5
13:53:48 ##deutsch http://deutsch.danjou.de
13:53:48 ##deutsch https://public.etherpad-mozilla.org/
13:53:48 ##deutsch https://www.welt.de/vermischtes/article180890330/Karlsruhe-Eichhoernchen-verfolgt-Mann-Polizei-greift-ein.html
13:53:48 ##java http://javachannel.org/
13:53:48 ##java https://spring.io/guides/tutorials/spring-boot-oauth2/
14:02:29 ##programming https://github.com/amigojapan/amigojapan.github.io
14:03:20 ##programming https://www.norvig.com/21-days.html
14:10:01 ##programming https://danluu.com/atom.xml
14:10:01 ##programming https://lwn.net/headlines/rss
14:12:28 ##programming https://paste.debian.net/1037387/
14:16:56 ##programming http://paste.debian.net/1037390/
14:30:13 ##English http://www.freecollocation.com/search?word=conduct
14:49:18 ##programming https://docs.python.org/3/library/shlex.html
14:50:56 ##programming http://coconut-lang.org/
14:51:07 ##programming https://tomassetti.me/parsing-in-python/
14:52:04 ##programming http://effbot.org/zone/simple-top-down-parsing.htm
14:55:13 ##English https://www.youtube.com/watch?v=-ej7ZEnjSeA
15:05:53 ##deutsch https://www.theguardian.com/world/2018/aug/10/driving-me-nuts-german-police-rescue-man-baby-squirrel
16:22:43 ##English http://english.twey.co.uk/policies.html
16:22:43 ##programming https://ideone.com
16:22:43 ##programming https://tinyurl.com/2lb-programming
16:22:43 ##programming https://github.com/shlomif/amigojapan.github.io/tree/convert-to-static-site-gen
16:22:44 ##deutsch http://deutsch.danjou.de
16:22:44 ##deutsch https://public.etherpad-mozilla.org/
16:22:44 ##deutsch https://www.jimthompson.com/cubic-jacquard-jacket-black.html
16:22:44 ##java http://javachannel.org/
16:22:44 ##java https://docs.oracle.com/javase/tutorial
16:22:44 ##java https://www.ktbyte.com/java-tutorial
16:22:44 ##java https://hackr.io/tutorials/java
16:22:44 ##java https://docs.oracle.com/javase/tutorial
16:22:44 ##java https://www.ktbyte.com/java-tutorial
16:22:44 ##java https://hackr.io/tutorials/java
16:22:44 ##java https://i.imgur.com/I6uJuRm.png
16:23:11 ##programming https://github.com/shlomif/amigojapan.github.io/blob/convert-to-static-site-gen/refact2.vim
16:25:06 #znc https://wiki.znc.in/ChangeLog/1.7.1
16:25:06 #znc https://znc.in/nightly
16:25:06 #znc https://github.com/znc/znc
16:25:06 #znc https://znc.in
16:25:11 ##c++ https://isocpp.org/faq
16:25:11 ##c++ http://melpon.org/wandbox
16:28:16 ##programming https://github.com/shlomif/amigojapan.github.io/blob/convert-to-static-site-gen/refact2.vim
16:36:26 ##astronomy https://youtu.be/_JtbeRF6sh8
16:40:02 ##deutsch https://www.amazon.de/gp/product/B00NU2A2TY
16:44:11 ##java http://keycloak.org
16:44:11 ##java https://github.com/keycloak/keycloak/
16:45:54 ##java https://search.maven.org/classic/#search%7Cga%7C1%7Cg%3A%22org.keycloak%22
16:46:44 ##java http://mvnrepository.com/artifact/org.keycloak
16:48:13 ##java http://maven.apache.org
16:48:13 ##java https://books.sonatype.com/mvnref-book/reference/
16:49:35 ##java https://twitter.com/jetbrains/status/1026493820509323267
16:51:36 #znc https://files.creativefolks.co.uk/Other/60cMb8E513b.png
16:54:07 ##java https://editorconfig.org/
10:03:20 ##astronomy https://www.youtube.com/watch?v=wwMDvPCGeE0
10:03:21 ##astronomy https://www.youtube.com/watch?v=wwMDvPCGeE0
10:03:21 ##astronomy https://www.youtube.com/watch?v=wwMDvPCGeE0
10:03:21 ##astronomy http://sprg.ssl.berkeley.edu/~tohban/wiki/index.php/Microwave_Imaging_Spectroscopy_of_Flares_is_Here
10:03:21 ##physics https://en.wikipedia.org/wiki/Heat_flux
10:03:21 ##programming https://ideone.com
10:03:21 ##programming https://tinyurl.com/2lb-programming
10:03:22 #space https://apexgoldsilvercoin.com/hands-on-the-jacob-co-astronomia-sky/
10:03:22 #space https://www.youtube.com/watch?v=9P6rdqiybaw
10:03:23 #znc https://wiki.znc.in/ChangeLog/1.7.1
10:03:23 #znc https://znc.in/nightly
10:03:23 #znc https://github.com/znc/znc
10:03:23 #znc https://pastebin.com/J1V6zyS3
10:03:23 #znc https://wiki.znc.in/Certauth
10:03:23 #znc https://freenode.net/kb/answer/certfp
10:03:23 ##deutsch http://deutsch.danjou.de
10:03:23 ##deutsch https://public.etherpad-mozilla.org/
10:03:23 ##deutsch https://en.wiktionary.org/wiki/Aff%C3%A4re
10:03:23 ##java http://javachannel.org/
10:03:24 ##java http://javachannel.org/posts/linkedlist-vs-arraylist/
10:03:24 ##java https://twitter.com/joshbloch/status/583813919019573248
10:03:24 ##c++ https://isocpp.org/faq
10:03:24 ##c++ http://melpon.org/wandbox
10:03:24 ##c++ http://isocpp.github.io/CppCoreGuidelines/CppCoreGuidelines#SS-call
10:17:34 ##programming https://ptpb.pw/4DKj/ada
10:35:43 ##java https://bpaste.net/show/f7e4a36984e5
10:40:18 ##c++ https://en.cppreference.com/w/cpp/utility/optional/operator*
14:32:20 ##astronomy https://www.google.com/maps/place/36%C2%B018'18.6%22N+121%C2%B033'58.8%22W/@36.30516,-121.5668875,241m/data=!3m2!1e3!4b1!4m6!3m5!1s0x0:0x0!7e2!8m2!3d36.3051604!4d-121.5663387
14:32:20 ##physics https://www.youtube.com/watch?v=OEHaYwoOLw4
14:32:20 ##physics https://youtu.be/FZmx0jml1jk?t=66
14:32:20 ##programming https://ideone.com
14:32:20 ##programming https://tinyurl.com/2lb-programming
14:32:20 ##programming https://en.wikipedia.org/wiki/Principle_of_least_astonishment
14:32:20 ##programming https://bugs.php.net/bug.php?id=54547
14:32:20 ##programming https://www.exploringbinary.com/java-hangs-when-converting-2-2250738585072012e-308/
14:32:21 #space https://ing.dk/sites/ing/files/img_0171.png
14:32:21 #space http://spaceflight101.com/wp-content/uploads/2015/09/SpaceX-Concept1.jpg
14:32:21 #space https://youtu.be/CRMmTayk5xA?t=42s
14:32:21 #znc https://wiki.znc.in/ChangeLog/1.7.1
14:32:21 #znc https://znc.in/nightly
14:32:21 #znc https://github.com/znc/znc
14:32:21 ##deutsch http://deutsch.danjou.de
14:32:21 ##deutsch https://public.etherpad-mozilla.org/
14:32:21 ##deutsch https://de.wikipedia.org/wiki/Osmium
14:32:21 ##java http://javachannel.org/
14:32:21 ##java https://docs.oracle.com/javase/tutorial/ext/basics/spi.html
14:32:21 ##java https://bpaste.net/show/f7e4a36984e5
14:32:21 ##java https://docs.oracle.com/javase/7/docs/api/java/nio/charset/spi/CharsetProvider.html
14:32:22 ##c++ https://isocpp.org/faq
14:32:22 ##c++ http://melpon.org/wandbox
14:32:22 ##c++ https://wandbox.org/permlink/bXd1olbVLz0phuXM
14:32:22 ##c++ http://coliru.stacked-crooked.com/a/fc641120f560b857
14:32:22 ##c++ http://incoming.kallenberg.dk/filesystem.txt
14:32:22 ##c++ https://gcc.gnu.org/onlinedocs/libstdc++/manual/using_dynamic_or_shared.html#manual.intro.using.linkage.experimental
17:33:28 ##programming https://ideone.com
17:33:28 ##programming https://tinyurl.com/2lb-programming
17:33:28 ##programming https://en.wikipedia.org/wiki/Chiropractic
17:33:28 ##programming https://www.youtube.com/watch?v=IsQTgCE5rEc
17:33:28 ##programming https://mangapark.me/manga/adventures-of-god/s1/c066/1
17:33:28 ##programming https://www.youtube.com/channel/UCIpqRCu9dbj6MqlRJiP9M4A
17:33:28 ##programming https://www.youtube.com/watch?v=Yzx-3xjzrFc
17:33:28 ##programming https://en.wikipedia.org/wiki/Harrington_rod
17:33:28 ##programming https://www.cnet.com/uk/news/google-deepminds-ai-can-now-detect-over-50-sight-threatening-eye-conditions/
17:33:28 #space http://watzlavick.com/robert/rocket/index.html
17:33:28 #space https://web.archive.org/web/20171207062118/http://www.sbrac.org/files/budget_radio_telescope.pdf
17:33:28 #znc https://wiki.znc.in/ChangeLog/1.7.1
17:33:28 #znc https://znc.in/nightly
17:33:28 #znc https://github.com/znc/znc
17:33:29 #znc https://github.com/weechat/weechat/issues/1059
17:33:29 ##deutsch http://deutsch.danjou.de
17:33:29 ##deutsch https://public.etherpad-mozilla.org/
17:33:29 ##java http://javachannel.org/
17:33:29 ##java https://www.goodreads.com/list/show/117904.Humble_Book_Bundle_Java_presented_by_O_Reilly
17:33:29 ##c++ https://isocpp.org/faq
17:33:29 ##c++ http://melpon.org/wandbox
17:38:10 ##java https://visualvm.github.io/)?
17:41:11 ##programming http://acm.hdu.edu.cn/showproblem.php?pid=2767
17:41:11 ##programming https://github.com/morris821028/UVa/blob/master/volume121/12167%20-%20Proving%20Equivalences.cpp
17:44:58 ##c++ https://wandbox.org/permlink/bXd1olbVLz0phuXM
17:48:03 ##programming https://en.wikipedia.org/wiki/AI_winter
17:50:29 ##programming https://www.theregister.co.uk/2018/07/28/ai_roundup_720718/
14:16:02 ##astronomy https://en.wikipedia.org/wiki/Toyota_Tundra#/media/File:2000-2002_Toyota_Tundra_--_05-28-2011.jpg
14:16:02 ##astronomy https://www.goodingco.com/vehicle/1955-ferrari-500-mondial-series-ii/
14:16:02 ##physics http://www-inst.eecs.berkeley.edu/~cs191/sp05/lectures/lecture18.pdf
14:16:02 ##physics https://www.researchgate.net/profile/James_Chappell4/publication/236888090_Quantum_computing_quantum_games_and_geometric_algebra/links/0deec519f0c8683a0f000000/Quantum-computing-quantum-games-and-geometric-algebra.pdf
14:16:03 ##programming https://ideone.com
14:16:03 ##programming https://tinyurl.com/2lb-programming
14:16:03 #space https://twitter.com/elakdawalla/status/1027346204131119105
14:16:03 #space https://www.reddit.com/r/space/comments/970lzz/i_am_the_chief_sniffer_and_volunteer_nasalnaut/
14:16:03 #znc https://wiki.znc.in/ChangeLog/1.7.1
14:16:03 #znc https://znc.in/nightly
14:16:03 #znc https://github.com/znc/znc
14:16:04 ##deutsch http://deutsch.danjou.de
14:16:04 ##deutsch https://public.etherpad-mozilla.org/
14:16:04 ##deutsch https://v.redd.it/0tiws5qlyrf11/DASH_9_6_M
14:16:04 ##deutsch https://youtu.be/5CG7L8w5SDE?t=573
14:16:04 ##deutsch http://www.bpb.de/apuz/59771/europaeische-sprachenpolitik?p=all
14:16:04 ##java http://javachannel.org/
14:16:04 ##java http://www.jflap.org
14:16:04 ##java https://docs.oracle.com/javase/tutorial/uiswing/lookandfeel/plaf.html
14:16:04 ##java http://www.jgoodies.com/freeware/libraries/looks/
14:16:04 ##java http://www.jgoodies.com/
14:16:04 ##java http://www.jgoodies.com/
14:16:04 ##c++ https://isocpp.org/faq
14:16:04 ##c++ http://melpon.org/wandbox
14:35:58 ##c++ https://pastebin.com/b8FmtZa5
14:36:00 ##c++ http://coliru.stacked-crooked.com/a/244c51b5d13887c5
11:49:58 ##astronomy https://spacecraft.ssl.umd.edu/akins_laws.html
11:49:58 ##astronomy https://www.youtube.com/watch?v=SJ2lwXV6LrM
11:49:58 ##astronomy https://www.stark-labs.com/
11:49:58 ##astronomy https://offerup.com/item/detail/465376154/
11:49:58 ##astronomy https://go.nasa.gov/2MPmAZw
11:49:58 ##physics https://www.dropbox.com/s/rbgt1sipx7l0hpu/mustFigure.jpg?dl=0
11:49:59 ##physics https://www.docdroid.net/op92YRy/threephasepower.pdf#page=3
11:49:59 ##physics https://books.google.com/books?id=dZG7EFaOPSMC&pg=PA97&lpg=PA97&dq=cos(2ωt)+%2B+cos(2ωt+-+120°)+%2B+cos(2ωt+%2B+120°)&source=bl&ots=Uz-H5l7CNb&sig=_L8gTDpo_j6RZ9fgi0y_9f0phzY&hl=en&sa=X&ved=2ahUKEwjTmKmMoPDcAhWGDMAKHbxiDlEQ6AEwAHoECAIQAQ#v=onepage&q=cos(2ωt)%20%2B%20cos(2ωt%20-%20120°)%20%2B%20cos(2ωt%20%2B%20120°)&f=false
11:49:59 ##physics https://en.wikipedia.org/wiki/Harmonics_(electrical_power)
11:49:59 ##programming https://ideone.com
11:49:59 ##programming https://tinyurl.com/2lb-programming
11:50:01 ##programming https://github.com/Ceasar/staticjinja
11:50:01 ##programming https://github.com/shlomif/freecell-pro-0fc-deals
11:50:01 ##programming https://github.com/kugaevsky/jquery-phoenix/
11:50:02 #space http://toughsf.blogspot.com/2016/06/the-nuclear-spear-casaba-howitzer.html
11:50:02 #znc https://wiki.znc.in/ChangeLog/1.7.1
11:50:02 #znc https://znc.in/nightly
11:50:02 #znc https://github.com/znc/znc
11:50:02 #znc https://paste.ubuntu.com/p/BvvsVYgbQY/
11:50:02 #znc https://wiki.znc.in/Log
11:50:03 #znc https://tools.suckless.org/ii/
11:50:03 ##deutsch http://deutsch.danjou.de
11:50:03 ##deutsch https://public.etherpad-mozilla.org/
11:50:03 ##deutsch https://www.welt.de/wirtschaft/article147972109/Ledige-Frauen-reisen-bei-Ryanair-als-Fraeulein.html
11:50:03 ##java http://javachannel.org/
11:50:04 ##java https://pastebin.com/PypJLvai
11:50:04 ##java https://pastebin.com/C5EKwDDQ
11:50:04 ##java https://www.irccloud.com/pastebin/K1oAE0t0/
11:50:04 ##java http://www.herongyang.com/Cryptography/DES-JDK-What-Is-PKCS5Padding.html
11:50:04 ##c++ https://isocpp.org/faq
11:50:04 ##c++ http://melpon.org/wandbox
11:58:33 ##java https://gyazo.com/8b1176bcca0bd63c0391cee8cb5d0c11
12:04:00 ##java https://github.com/FasterXML/jackson
12:10:09 ##deutsch https://de.wikipedia.org/wiki/Liste_von_Br%C3%BCckeneinst%C3%BCrzen
12:11:39 #space https://eyes.nasa.gov/dsn/dsn.html
12:26:31 ##deutsch https://de.wikipedia.org/wiki/Liste_ungew%C3%B6hnlicher_Todesf%C3%A4lle
12:27:25 ##programming https://bpaste.net/show/1a987ea0eb64
12:52:17 ##c++ https://github.com/jbeverly/pam_ssh_agent_auth/blob/master/authfd.c#L236
12:52:17 ##c++ https://pastebin.com/AQZX7qrZ
12:52:18 ##c++ http://coliru.stacked-crooked.com/a/2dcfe0211bae8149
13:03:37 ##java https://github.com/asdf-vm/asdf
13:03:51 ##c++ https://github.com/jbeverly/pam_ssh_agent_auth/blob/master/authfd.c#L114
13:06:05 ##java https://hastebin.com/iziyatopem.bash
13:13:22 ##programming https://stackoverflow.com/a/10176685/1283954
13:15:13 #znc https://suchznc.net
12:58:20 ##astronomy https://www.nasa.gov/feature/goddard/2018/hubble-paints-picture-of-the-evolving-universe
12:58:20 ##astronomy https://www.nasa.gov/sites/default/files/thumbnails/image/image1_-_stsci-h-p1835a-m-2000x1768.png
12:58:20 ##astronomy https://www.youtube.com/watch?v=uDYnYkPYBew
12:58:20 ##astronomy https://photos.smugmug.com/Misc/Drop-Box/n-C7pBb/i-vffVXsB/0/4c29c428/X3/i-vffVXsB-X3.jpg
12:58:20 ##astronomy https://cdn.astrobin.com/images/21143/2018/ee38a272-6a94-4a6f-b005-54aed7e96d1b.gif
12:58:20 ##astronomy https://www.youtube.com/watch?v=GzdbJgpSTSM
12:58:20 ##astronomy https://www.youtube.com/watch?v=K2DGv5pmkkw
12:58:21 ##physics http://blog.nuclearsecrecy.com/2012/09/12/in-search-of-a-bigger-boom/
12:58:21 ##physics https://www.businessinsider.com/fastest-object-robert-brownlee-2016-2
12:58:21 ##physics https://en.wikipedia.org/wiki/Project_Orion_(nuclear_propulsion)
12:58:21 ##physics https://i.imgur.com/YkZt7oB.png
12:58:21 ##physics https://imgur.com/gallery/1Dknuus
12:58:21 ##programming https://ideone.com
12:58:21 ##programming https://tinyurl.com/2lb-programming
12:58:22 ##programming https://github.com/shlomif/fc-solve/blob/master/fc-solve/source/HACKING.asciidoc
12:58:22 ##programming https://github.com/shlomif/fc-solve/commit/b2e5d36b4c8110d01b6f2e1a542f056d71658c55
12:58:22 ##programming http://fc-solve.shlomifish.org/docs/
12:58:22 ##programming http://paulgraham.com/gba.html
12:58:22 #znc https://wiki.znc.in/ChangeLog/1.7.1
12:58:22 #znc https://znc.in/nightly
12:58:22 #znc https://github.com/znc/znc
12:58:23 #znc https://wiki.znc.in/FAQ
12:58:23 #znc http://catb.org/~esr/faqs/smart-questions.html
12:58:23 #znc https://wiki.znc.in
12:58:23 ##deutsch http://deutsch.danjou.de
12:58:23 ##deutsch https://public.etherpad-mozilla.org/
12:58:23 ##deutsch http://www.feenkraut.de/Berichte/lemongrasreport.html
12:58:23 ##deutsch https://www.youtube.com/watch?v=bKmP15ll1io
12:58:23 ##java http://javachannel.org/
12:58:23 ##java https://docs.oracle.com/javase/tutorial/datetime/iso/period.html
12:58:23 ##java http://tpcg.io/u5u5wv
12:58:24 ##c++ https://isocpp.org/faq
12:58:24 ##c++ http://melpon.org/wandbox
12:58:24 ##c++ https://linux.die.net/man/1/base64
12:58:24 ##c++ http://rextester.com/LVQS77819
12:58:24 ##c++ http://rextester.com/CRWUW8448
13:04:36 ##programming https://en.wikipedia.org/wiki/Indiana_Pi_Bill
13:05:41 ##programming https://developer.mozilla.org/en-US/docs/Web/API/MediaStream_Recording_API/Recording_a_media_element
13:07:12 ##programming http://www.shlomifish.org/philosophy/computers/web/use-qmail-instead/
13:08:18 ##java http://netty.io
13:09:21 ##deutsch https://pbs.twimg.com/media/Dk4vutJWwAEPbM2.jpg
13:11:27 ##programming https://www.snopes.com/fact-check/alabamas-slice-of-pi/
13:13:20 ##java http://javabot.evanchooly.com/
13:15:17 ##c++ https://www.cryptopp.com/?
13:17:38 ##java https://glot.io/new/java
13:17:38 ##java https://gist.github.com
13:17:38 ##java https://www.hastebin.com
13:18:31 ##java https://glot.io/snippets/f410swfplm
13:28:34 ##programming https://convos.by/
13:36:03 ##programming https://github.com/merijn/GPU-benchmarks/blob/master/options/Options.cpp#L128-L164
13:39:38 ##programming http://fc-solve.shlomifish.org/docs/distro/HACKING.html
13:47:40 ##programming http://www.notepad.org/
13:50:54 ##java https://www.amazon.com/Books-Joseph-B-Ottinger/s?ie=UTF8&page=1&rh=n%3A283155%2Cp_27%3AJoseph%20B.%20Ottinger
13:50:57 ##java http://www.hibernate.org/
13:59:04 ##programming https://bpaste.net/show/7ba9a0896110
14:01:32 ##programming https://xkcd.com/242/
14:03:54 ##programming https://dpaste.de/wJDQ
17:37:47 ##c++ https://isocpp.org/faq
17:37:47 ##c++ http://melpon.org/wandbox
17:37:48 ##deutsch http://deutsch.danjou.de
17:37:48 ##deutsch https://public.etherpad-mozilla.org/
17:37:48 ##programming https://ideone.com
17:37:48 ##programming https://tinyurl.com/2lb-programming
17:38:02 BNC https://freenode.net/kb/answer/registration
17:38:02 BNC https://freenode.net/kb/answer/registration
17:38:02 BNC https://freenode.net/kb/answer/registration
17:38:02 BNC https://freenode.net/kb/answer/registration
17:38:24 BNC https://freenode.net/kb/answer/registration
17:38:32 BNC https://freenode.net/kb/answer/registration
17:38:32 BNC https://freenode.net/kb/answer/registration
17:38:32 BNC https://freenode.net/kb/answer/registration
17:38:32 BNC https://freenode.net/kb/answer/registration
17:39:03 BNC https://freenode.net/kb/answer/registration
17:39:03 BNC https://freenode.net/kb/answer/registration
17:39:03 BNC https://freenode.net/kb/answer/registration
17:39:03 BNC https://freenode.net/kb/answer/registration
17:39:23 ##physics https://www.youtube.com/watch?v=RkpIVBAxBS4
17:39:33 BNC https://freenode.net/kb/answer/registration
17:39:33 BNC https://freenode.net/kb/answer/registration
17:39:33 BNC https://freenode.net/kb/answer/registration
17:39:33 BNC https://freenode.net/kb/answer/registration
17:40:03 BNC https://freenode.net/kb/answer/registration
17:40:03 BNC https://freenode.net/kb/answer/registration
17:40:03 BNC https://freenode.net/kb/answer/registration
17:40:03 BNC https://freenode.net/kb/answer/registration
17:40:33 BNC https://freenode.net/kb/answer/registration
17:40:33 BNC https://freenode.net/kb/answer/registration
17:40:33 BNC https://freenode.net/kb/answer/registration
17:40:33 BNC https://freenode.net/kb/answer/registration
17:41:03 BNC https://freenode.net/kb/answer/registration
17:41:03 BNC https://freenode.net/kb/answer/registration
17:41:03 BNC https://freenode.net/kb/answer/registration
17:41:03 BNC https://freenode.net/kb/answer/registration
17:41:33 BNC https://freenode.net/kb/answer/registration
17:41:33 BNC https://freenode.net/kb/answer/registration
17:41:33 BNC https://freenode.net/kb/answer/registration
17:41:33 BNC https://freenode.net/kb/answer/registration
17:42:03 ##java http://javachannel.org/
17:42:03 #znc https://wiki.znc.in/ChangeLog/1.7.1
17:42:03 #znc https://znc.in/nightly
17:42:03 #znc https://github.com/znc/znc
17:42:03 #znc https://znc.in
17:45:50 ##programming http://www.sai.msu.su/sal/
17:49:36 ##physics https://pypy.org/download.html#installing-numpy
17:50:05 ##programming https://github.com/cool-RR/GarlicSim
17:52:31 ##programming http://www.sai.msu.su/sal/
17:53:39 ##programming http://search.kachinatech.com/cgi-bin/AT-SALsearch.cgi
17:54:50 ##programming https://www.shlomifish.org/open-source/resources/numerical-software/
18:01:35 ##programming https://wiki.fysik.dtu.dk/ase/
18:02:04 #znc https://wiki.znc.in/Playback
18:03:10 ##programming https://mybinder.org/v2/gh/binder-examples/julia-python/master?filepath=julia.ipynb
18:06:09 ##programming https://discoland.fi/valot-ja-efektit/peilipallot-peilisylinterit/valmis-paketti-ym/eurolite-30cm-peilipallosetti-all-in-one
18:07:24 ##programming https://discoland.fi/valot-ja-efektit/erikoisefektit/laserit/beamz-la-rg1-monipiste-laser-valoefekti-apollo
18:08:17 ##physics https://www.ibm.com/developerworks/community/blogs/jfp/entry/A_Comparison_Of_C_Julia_Python_Numba_Cython_Scipy_and_BLAS_on_LU_Factorization?lang=en
18:12:44 ##physics https://hackernoon.com/performance-analysis-julia-python-c-dd09f03282a3
18:16:41 ##physics https://julialang.org/benchmarks/
18:31:48 ##programming https://en.wiktionary.org/wiki/date#English
18:32:10 ##programming https://www.youtube.com/watch?v=aM0em8VnjDY
17:42:02 ##astronomy https://stellarium-web.org/
17:42:02 ##c++ https://isocpp.org/faq
17:42:02 ##c++ http://melpon.org/wandbox
17:42:03 ##c++ http://coliru.stacked-crooked.com/a/263ea09b7e3f1315
17:42:03 ##c++ https://github.com/Chlumsky/msdfgen/blob/master/core/edge-coloring.cpp#L56
17:42:03 ##deutsch http://deutsch.danjou.de
17:42:03 ##deutsch https://public.etherpad-mozilla.org/
17:42:03 ##deutsch https://www.ebay.de/itm/BLAU-FICHTE-KAIBAB-140cm-Weihnachtsbaum-Tannenbaum-Christbaum-Versand-Kostenlos/282759718512
17:42:04 ##java http://javachannel.org/
17:42:05 ##physics https://smile.amazon.com/s/ref=sr_qz_back?sf=qz%2Crba&rh=i%3Aaps%2Ck%3Abook+isbn+0963746774&keywords=book+isbn+0963746774&unfiltered=1&ie=UTF8&qid=1539150936
17:42:05 ##programming https://ideone.com
17:42:05 ##programming https://tinyurl.com/2lb-programming
17:42:05 ##programming https://github.com/shlomif/fc-solve/blob/master/fc-solve/site/wml/lib/make/main.mak#L310
17:42:05 ##programming https://asciidoctor.org/
17:42:05 ##programming https://nsidc.org/arcticseaicenews/
17:42:06 #space https://www.youtube.com/watch?v=6bQpgU67Puo
17:42:06 #space https://mobile.twitter.com/jeff_foust/status/1050032566428790785
17:42:06 #znc https://wiki.znc.in/ChangeLog/1.7.1
17:42:06 #znc https://znc.in/nightly
17:42:06 #znc https://github.com/znc/znc
17:42:06 #znc https://wiki.znc.in/Multiple_clients
17:42:06 #znc https://wiki.znc.in/Privmsg/mIRC
17:42:06 #znc https://wiki.znc.in/privmsg_prefix
17:46:02 ##programming https://www.ncdc.noaa.gov/data-access/paleoclimatology-data/datasets/ice-core
17:49:49 ##programming https://www.theguardian.com/environment/2016/apr/09/melting-ice-sheets-changing-the-way-the-earth-wobbles-on-its-axis-says-nasa
17:49:56 ##physics https://en.wikipedia.org/wiki/Henry%27s_law
17:52:08 ##programming https://www.jpl.nasa.gov/news/news.php?feature=7240
18:16:19 ##programming https://github.com/golang/go/issues/28114
18:16:52 ##programming https://www.mrexcel.com/forum/excel-questions/902466-remove-duplicates-1d-array-vba.html
